0 info it worked if it ends with ok
1 verbose cli [ '/usr/local/bin/node', '/usr/local/bin/npm', 'publish' ]
2 info using npm@3.10.8
3 info using node@v6.9.1
4 verbose publish [ '.' ]
5 silly cache add args [ '.', null ]
6 verbose cache add spec .
7 silly cache add parsed spec Result {
7 silly cache add   raw: '.',
7 silly cache add   scope: null,
7 silly cache add   escapedName: null,
7 silly cache add   name: null,
7 silly cache add   rawSpec: '.',
7 silly cache add   spec: '/Volumes/Data/Repositorios/zeta-tools',
7 silly cache add   type: 'directory' }
8 verbose addLocalDirectory /Users/zguillez/.npm/zeta-tools/0.9.1/package.tgz not in flight; packing
9 verbose correctMkdir /Users/zguillez/.npm correctMkdir not in flight; initializing
10 info lifecycle zeta-tools@0.9.1~prepublish: zeta-tools@0.9.1
11 silly lifecycle zeta-tools@0.9.1~prepublish: no script for prepublish, continuing
12 verbose tar pack [ '/Users/zguillez/.npm/zeta-tools/0.9.1/package.tgz',
12 verbose tar pack   '/Volumes/Data/Repositorios/zeta-tools' ]
13 verbose tarball /Users/zguillez/.npm/zeta-tools/0.9.1/package.tgz
14 verbose folder /Volumes/Data/Repositorios/zeta-tools
15 verbose addLocalTarball adding from inside cache /Users/zguillez/.npm/zeta-tools/0.9.1/package.tgz
16 verbose correctMkdir /Users/zguillez/.npm correctMkdir not in flight; initializing
17 silly cache afterAdd zeta-tools@0.9.1
18 verbose afterAdd /Users/zguillez/.npm/zeta-tools/0.9.1/package/package.json not in flight; writing
19 verbose correctMkdir /Users/zguillez/.npm correctMkdir not in flight; initializing
20 verbose afterAdd /Users/zguillez/.npm/zeta-tools/0.9.1/package/package.json written
21 silly publish { name: 'zeta-tools',
21 silly publish   version: '0.9.1',
21 silly publish   description: 'Zguillez nodejs tools',
21 silly publish   repository:
21 silly publish    { type: 'git',
21 silly publish      url: 'git+https://github.com/zguillez/zeta-tools.git' },
21 silly publish   license: 'MIT',
21 silly publish   author:
21 silly publish    { name: 'Guillermo de la Iglesia',
21 silly publish      email: 'mail@zguillez.io',
21 silly publish      url: 'https://github.com/zguillez' },
21 silly publish   main: 'index.js',
21 silly publish   bin: { z: 'index.js' },
21 silly publish   scripts: { start: 'npm run z', z: 'node index.js' },
21 silly publish   dependencies:
21 silly publish    { colors: '^1.1.2',
21 silly publish      'npm-check-updates': '^2.8.7',
21 silly publish      shelljs: '^0.7.5' },
21 silly publish   devDependencies: { eslint: '^3.11.0', 'eslint-config-google': '^0.7.1' },
21 silly publish   readme: '# zeta-tools\n\n[![npm version](https://badge.fury.io/js/zeta-tools.svg)](https://badge.fury.io/js/zeta-tools)\n[![Build Status](http://img.shields.io/travis/zguillez/zeta-tools.svg)](https://github.com/zguillez/zeta-tools)\n[![Code Climate](http://img.shields.io/codeclimate/github/zguillez/zeta-tools.svg)](https://codeclimate.com/github/zguillez/zeta-tools)\n[![Dependency Status](https://gemnasium.com/zguillez/zeta-tools.svg)](https://gemnasium.com/zguillez/zeta-tools)\n[![Installs](https://img.shields.io/npm/dt/zeta-tools.svg)](https://coveralls.io/r/zguillez/zeta-tools)\n![](https://reposs.herokuapp.com/?path=zguillez/zeta-tools)\n[![License](http://img.shields.io/:license-mit-blue.svg)](http://doge.mit-license.org)\n[![Analytics](https://ga-beacon.appspot.com/UA-1125217-30/zguillez/zeta-tools?pixel)](https://github.com/igrigorik/ga-beacon)\n\nZguillez nodejs tools\n\n### Install package\n\n\tsudo npm i -g zeta-tools\n\t\n## Usage\n\n\tz help\n\n### Update package\n\n\tz self-update\n\tz self-update -f\n\t\n### Uninstall package\n\n\tsudo npm un -g zeta-tools\n',
21 silly publish   readmeFilename: 'README.md',
21 silly publish   gitHead: '5b74136f15edbf10184d7c595ffd8ac80ccb2a2e',
21 silly publish   bugs: { url: 'https://github.com/zguillez/zeta-tools/issues' },
21 silly publish   homepage: 'https://github.com/zguillez/zeta-tools#readme',
21 silly publish   _id: 'zeta-tools@0.9.1',
21 silly publish   _shasum: '0c7158bd2aaad74bc206e0db1be713db8d434726',
21 silly publish   _from: '.' }
22 verbose getPublishConfig undefined
23 silly mapToRegistry name zeta-tools
24 silly mapToRegistry using default registry
25 silly mapToRegistry registry https://registry.npmjs.org/
26 silly mapToRegistry data Result {
26 silly mapToRegistry   raw: 'zeta-tools',
26 silly mapToRegistry   scope: null,
26 silly mapToRegistry   escapedName: 'zeta-tools',
26 silly mapToRegistry   name: 'zeta-tools',
26 silly mapToRegistry   rawSpec: '',
26 silly mapToRegistry   spec: 'latest',
26 silly mapToRegistry   type: 'tag' }
27 silly mapToRegistry uri https://registry.npmjs.org/zeta-tools
28 verbose publish registryBase https://registry.npmjs.org/
29 silly publish uploading /Users/zguillez/.npm/zeta-tools/0.9.1/package.tgz
30 verbose request uri https://registry.npmjs.org/zeta-tools
31 verbose request sending authorization for write operation
32 info attempt registry request try #1 at 5:21:28 PM
33 verbose request using bearer token for auth
34 verbose request id 427130b56395ed95
35 http request PUT https://registry.npmjs.org/zeta-tools
36 http 403 https://registry.npmjs.org/zeta-tools
37 verbose headers { 'content-type': 'application/json',
37 verbose headers   'cache-control': 'max-age=300',
37 verbose headers   'content-length': '95',
37 verbose headers   'accept-ranges': 'bytes',
37 verbose headers   date: 'Wed, 30 Nov 2016 16:21:31 GMT',
37 verbose headers   via: '1.1 varnish',
37 verbose headers   connection: 'keep-alive',
37 verbose headers   'x-served-by': 'cache-lhr6331-LHR',
37 verbose headers   'x-cache': 'MISS',
37 verbose headers   'x-cache-hits': '0',
37 verbose headers   'x-timer': 'S1480522888.547320,VS0,VE2817',
37 verbose headers   vary: 'Accept-Encoding' }
38 verbose request invalidating /Users/zguillez/.npm/registry.npmjs.org/zeta-tools on PUT
39 error publish Failed PUT 403
40 verbose stack Error: "You cannot publish over the previously published version 0.9.1." : zeta-tools
40 verbose stack     at makeError (/usr/local/lib/node_modules/npm/node_modules/npm-registry-client/lib/request.js:302:12)
40 verbose stack     at CachingRegistryClient.<anonymous> (/usr/local/lib/node_modules/npm/node_modules/npm-registry-client/lib/request.js:290:14)
40 verbose stack     at Request._callback (/usr/local/lib/node_modules/npm/node_modules/npm-registry-client/lib/request.js:210:14)
40 verbose stack     at Request.self.callback (/usr/local/lib/node_modules/npm/node_modules/request/request.js:187:22)
40 verbose stack     at emitTwo (events.js:106:13)
40 verbose stack     at Request.emit (events.js:191:7)
40 verbose stack     at Request.<anonymous> (/usr/local/lib/node_modules/npm/node_modules/request/request.js:1044:10)
40 verbose stack     at emitOne (events.js:96:13)
40 verbose stack     at Request.emit (events.js:188:7)
40 verbose stack     at IncomingMessage.<anonymous> (/usr/local/lib/node_modules/npm/node_modules/request/request.js:965:12)
41 verbose statusCode 403
42 verbose pkgid zeta-tools
43 verbose cwd /Volumes/Data/Repositorios/zeta-tools
44 error Darwin 15.6.0
45 error argv "/usr/local/bin/node" "/usr/local/bin/npm" "publish"
46 error node v6.9.1
47 error npm  v3.10.8
48 error code E403
49 error "You cannot publish over the previously published version 0.9.1." : zeta-tools
50 error If you need help, you may report this error at:
50 error     <https://github.com/npm/npm/issues>
51 verbose exit [ 1, true ]
